# JRE version: Java(TM) SE Runtime Environment 18.9 (11.0.23+7) (build 11.0.23+7-LTS-222)
# Java VM: Java HotSpot(TM) 64-Bit Server VM 18.9 (11.0.23+7-LTS-222, mixed mode, tiered, compressed oops, g1 gc, windows-amd64)
Heap:
 garbage-first heap   total 310272K, used 28610K [0x0000000704600000, 0x0000000800000000)
  region size 1024K, 22 young (22528K), 16 survivors (16384K)
 Metaspace       used 58933K, capacity 60400K, committed 60588K, reserved 1101824K
  class space    used 7047K, capacity 7632K, committed 7680K, reserved 1048576K
GC Heap History (10 events):
Event: 0.849 GC heap before
{Heap before GC invocations=1 (full 0):
 garbage-first heap   total 258048K, used 40027K [0x0000000704600000, 0x0000000800000000)
  region size 1024K, 38 young (38912K), 3 survivors (3072K)
 Metaspace       used 20653K, capacity 21105K, committed 21248K, reserved 1069056K
  class space    used 2308K, capacity 2479K, committed 2560K, reserved 1048576K
}
Event: 0.852 GC heap after
{Heap after GC invocations=2 (full 0):
 garbage-first heap   total 258048K, used 6755K [0x0000000704600000, 0x0000000800000000)
  region size 1024K, 5 young (5120K), 5 survivors (5120K)
 Metaspace       used 20653K, capacity 21105K, committed 21248K, reserved 1069056K
  class space    used 2308K, capacity 2479K, committed 2560K, reserved 1048576K
}
Event: 1.056 GC heap before
{Heap before GC invocations=3 (full 0):
 garbage-first heap   total 258048K, used 49763K [0x0000000704600000, 0x0000000800000000)
  region size 1024K, 48 young (49152K), 5 survivors (5120K)
 Metaspace       used 27553K, capacity 28092K, committed 28288K, reserved 1075200K
  class space    used 3197K, capacity 3397K, committed 3456K, reserved 1048576K
}
Event: 1.059 GC heap after
{Heap after GC invocations=4 (full 0):
 garbage-first heap   total 258048K, used 9039K [0x0000000704600000, 0x0000000800000000)
  region size 1024K, 4 young (4096K), 4 survivors (4096K)
 Metaspace       used 27553K, capacity 28092K, committed 28288K, reserved 1075200K
  class space    used 3197K, capacity 3397K, committed 3456K, reserved 1048576K
}
Event: 1.630 GC heap before
{Heap before GC invocations=4 (full 0):
 garbage-first heap   total 258048K, used 72527K [0x0000000704600000, 0x0000000800000000)
  region size 1024K, 68 young (69632K), 4 survivors (4096K)
 Metaspace       used 34888K, capacity 35769K, committed 35840K, reserved 1081344K
  class space    used 4167K, capacity 4480K, committed 4480K, reserved 1048576K
}
Event: 1.635 GC heap after
{Heap after GC invocations=5 (full 0):
 garbage-first heap   total 258048K, used 11929K [0x0000000704600000, 0x0000000800000000)
  region size 1024K, 7 young (7168K), 7 survivors (7168K)
 Metaspace       used 34888K, capacity 35769K, committed 35840K, reserved 1081344K
  class space    used 4167K, capacity 4480K, committed 4480K, reserved 1048576K
}
Event: 8.893 GC heap before
{Heap before GC invocations=6 (full 0):
 garbage-first heap   total 258048K, used 107161K [0x0000000704600000, 0x0000000800000000)
  region size 1024K, 100 young (102400K), 7 survivors (7168K)
 Metaspace       used 47415K, capacity 48626K, committed 48768K, reserved 1091584K
  class space    used 5729K, capacity 6213K, committed 6272K, reserved 1048576K
}
Event: 8.900 GC heap after
{Heap after GC invocations=7 (full 0):
 garbage-first heap   total 310272K, used 17575K [0x0000000704600000, 0x0000000800000000)
  region size 1024K, 13 young (13312K), 13 survivors (13312K)
 Metaspace       used 47415K, capacity 48626K, committed 48768K, reserved 1091584K
  class space    used 5729K, capacity 6213K, committed 6272K, reserved 1048576K
}
Event: 9.581 GC heap before
{Heap before GC invocations=7 (full 0):
 garbage-first heap   total 310272K, used 62631K [0x0000000704600000, 0x0000000800000000)
  region size 1024K, 58 young (59392K), 13 survivors (13312K)
 Metaspace       used 58372K, capacity 59844K, committed 59948K, reserved 1101824K
  class space    used 6979K, capacity 7552K, committed 7552K, reserved 1048576K
}
Event: 9.590 GC heap after
{Heap after GC invocations=8 (full 0):
 garbage-first heap   total 310272K, used 23490K [0x0000000704600000, 0x0000000800000000)
  region size 1024K, 16 young (16384K), 16 survivors (16384K)
 Metaspace       used 58372K, capacity 59844K, committed 59948K, reserved 1101824K
  class space    used 6979K, capacity 7552K, committed 7552K, reserved 1048576K
}

